MPASM  5.51                       ALARMEG.ASM   5-7-2021  19:37:07         PAGE  1


LOC  OBJECT CODE     LINE SOURCE TEXT
  VALUE

                      00001 ;       Central de alarme simplificada - arquivo gestor         data    -       03-05-2021 10:42
                      00002 ;                                                                                                       
                                    versão  -       05-05-2021 17:19
                      00003 ;                                                                                                       
                                    versão  -       06-05-2021 15:20
                      00004 ;                                                                                                       
                                    versão  -       07-05-2021 11:22
                      00005 ;--Notas--
                      00006 ;       TIMER0:
                      00007 ;       [ps2 .. ps0] = 111 -> escala (E) 1 / 256
                      00008 ;       Ciclo de máquina (C) 1e-6 s
                      00009 ;       Estouro de TMR0, de 8 bits, (T0) = 256
                      00010 ;       Unidade tmplow (W) = (C / E) x T0 = (1e-6 / (1 / 256)) x 256 = 65.536e-6s = 6,5536e-2s ou 65ms
                      00011 ;       Unidade tmpmid (D) = 256 x W = 16.777.216e-6s, ou 17s
                      00012 ;       Unidade tmphig (G) = 256 x D = 4.294.967.296e-6s = 4.294,967296s ou 1h 11min 35s
                      00013 ;       Estouro de tmphig = 256 x G = 305h 25min 12s
                      00014 ;--fim de "Notas"--
                      00015 
                      00016 ;--Cabeçalho--
                      00017         list            p=16f628
                      00018         #include        <p16f628.inc>
                      00001         LIST
                      00002 
                      00003 ;==========================================================================
                      00004 ;  MPASM PIC16F628 processor include
                      00005 ; 
                      00006 ;  (c) Copyright 1999-2013 Microchip Technology, All rights reserved
                      00007 ;==========================================================================
                      00008 
                      00381         LIST
                      00019         #include        "alarme.inc"
                      00001 ;       Central de alarme simplificada - arquivo gestor         data    -       03-05-2021 10:46
                      00002 ;                                                                                                       
                                    Versão  -       05-05-2021 17:09
                      00003 
                      00004 ;--Macros--
                      00005 #define         bank0           bcf     STATUS,RP0
                      00006 #define         bank1           bsf             STATUS,RP0
                      00007 ;--fim de "Macros"--
                      00008 
                      00009 ;--Hardwere--
                      00010 ;       --Teclado--
  00000006            00011 teclado         EQU             PORTB
  00000000            00012 coluna3         EQU             0
  00000001            00013 coluna0         EQU             1
  00000002            00014 coluna1         EQU             2
  00000003            00015 coluna2         EQU             3
  00000004            00016 linh1           EQU             4
  00000005            00017 linh2           EQU             5
  00000006            00018 linh3           EQU             6
  00000007            00019 linh0           EQU             7
                      00020 
                      00021 ;       --Sensor, sirene e led's--
MPASM  5.51                       ALARMEG.ASM   5-7-2021  19:37:07         PAGE  2


LOC  OBJECT CODE     LINE SOURCE TEXT
  VALUE

  00000000            00022 verde           EQU             0
  00000001            00023 vermelho        EQU             1
  00000002            00024 sensor          EQU             2
  00000003            00025 sirene          EQU             3
                      00026 
                      00027 ;--Variáveis--
                      00028 ;       --Espelho de hardwere--
  00000021            00029 estado          EQU             h'21'
  00000000            00030 sira            EQU             0               ;       sirene anterior
  00000001            00031 alarme          EQU             1
  00000002            00032 relogio         EQU             2
  00000003            00033 tempo           EQU             3
  00000004            00034 sir                     EQU             4
                      00035 
                      00036 ;       --Controlador de fluxo--
  00000022            00037 fluxo           EQU             h'22'
  00000000            00038 digitou         EQU             0
  00000001            00039 acesso          EQU             1
  00000002            00040 mudasnh         EQU             2
                      00041 
                      00042 ;       --Salvamento de contexto--
  00000023            00043 wtmp            EQU             h'23'
  00000024            00044 stmp            EQU             h'24'
                      00045 
                      00046 ;       --Valores da coluna--
  00000025            00047 vlinha1         EQU             h'25'
  00000026            00048 vlinha2         EQU             h'26'
  00000027            00049 vlinha3         EQU             h'27'
  00000028            00050 vlinha4         EQU             h'28'
                      00051 
                      00052 ;       --Temporizador--
  00000029            00053 tmplow          EQU             h'29'
  0000002A            00054 tmpmid          EQU             h'2A'
  0000002B            00055 tmphig          EQU             h'2B'
                      00056 
                      00057 ;       --Senha--
  0000002C            00058 senha0          EQU             h'2C'
  0000002D            00059 senha1          EQU             h'2D'
  0000002E            00060 senha2          EQU             h'2E'
  0000002F            00061 senha3          EQU             h'2F'
                      00062 
                      00063 ;       --Pilha--
  00000067            00064 topo            EQU             h'67'
                      00020 startup code
  0000                00021         extern entradig, processa, atualiza
                      00022         org             h'000'
0000   2???           00023         goto    inicio
                      00024         org             h'004'
0004   2???           00025         goto    isr
                      00026 
                      00027 ;--Interrupções--
0005                  00028 isr:
                      00029 ;       --Salvamento de contexto--
MPASM  5.51                       ALARMEG.ASM   5-7-2021  19:37:07         PAGE  3


LOC  OBJECT CODE     LINE SOURCE TEXT
  VALUE

0005   00A3           00030         movwf wtmp
0006   0E03           00031         swapf STATUS,W
0007   1283           00032         bank0
0008   00A4           00033         movwf stmp
                      00034 
                      00035 ;       --Tratamento--
0009   1D0B           00036         btfss   INTCON,T0IF
000A   2???           00037         goto    isrsai
000B   110B           00038         bcf             INTCON,T0IF
000C   0FA9           00039         incfsz  tmplow,F
000D   2???           00040         goto    $ + 4
000E   0FAA           00041         incfsz  tmpmid,F
000F   2???           00042         goto    $ + 2
0010   0AAB           00043         incf    tmphig,F
                      00044 
                      00045 ;       --Recuperação de contexto e retorno--
0011                  00046 isrsai:
0011   0E24           00047         swapf stmp,W
0012   0083           00048         movwf STATUS
0013   0EA3           00049         swapf wtmp,F
0014   0E23           00050         swapf wtmp,W 
0015   0009           00051         retfie
                      00052 
                      00053 ;--Rotina gerente--
0016                  00054 inicio:
                      00055 ;       --Fuses--
0016   3007           00056         movlw   h'07'
0017   009F           00057         movwf   CMCON
0018   30A0           00058         movlw   h'A0'
0019   008B           00059         movwf   INTCON
001A   1683           00060         bank1
001B   3087           00061         movlw   h'87'
Message[302]: Register in operand not in bank 0.  Ensure that bank bits are correct.
001C   0081           00062         movwf   OPTION_REG
001D   30F4           00063         movlw   h'F4'
Message[302]: Register in operand not in bank 0.  Ensure that bank bits are correct.
001E   0085           00064         movwf   TRISA
001F   30F0           00065         movlw   h'F0'
Message[302]: Register in operand not in bank 0.  Ensure that bank bits are correct.
0020   0086           00066         movwf   TRISB
0021   1283           00067         bank0
                      00068 
                      00069 ;       --Valores iniciais--
0022   1185           00070         bcf             PORTA,sirene
0023   1905           00071         btfsc   PORTA,sensor
0024   2???           00072         goto    $ + 4
0025   1405           00073         bsf             PORTA,verde
0026   1085           00074         bcf             PORTA,vermelho
0027   2???           00075         goto    $ + 3
0028   1005           00076         bcf             PORTA,verde
0029   1485           00077         bsf             PORTA,vermelho
002A   3031           00078         movlw   '1'
002B   00AC           00079         movwf   senha0
MPASM  5.51                       ALARMEG.ASM   5-7-2021  19:37:07         PAGE  4


LOC  OBJECT CODE     LINE SOURCE TEXT
  VALUE

002C   3032           00080         movlw   '2'
002D   00AD           00081         movwf   senha1
002E   3033           00082         movlw   '3'
002F   00AE           00083         movwf   senha2
0030   3034           00084         movlw   '4'
0031   00AF           00085         movwf   senha3
0032   01A1           00086         clrf    estado
                      00087 
                      00088 ;       --Loop--
0033                  00089 sentinela:
0033   2???           00090         call    atualiza
0034   1022           00091         bcf             fluxo,digitou
0035   2???           00092         call    entradig
0036   1822           00093         btfsc   fluxo,digitou
0037   2???           00094         call    processa
0038   2???           00095         goto    sentinela
                      00096         end
MPASM  5.51                       ALARMEG.ASM   5-7-2021  19:37:07         PAGE  5


SYMBOL TABLE
  LABEL                             VALUE 

ADDEN                             00000003
ADEN                              00000003
BRGH                              00000002
C                                 00000000
C1INV                             00000004
C1OUT                             00000006
C2INV                             00000005
C2OUT                             00000007
CCP1CON                           00000017
CCP1IE                            00000002
CCP1IF                            00000002
CCP1M0                            00000000
CCP1M1                            00000001
CCP1M2                            00000002
CCP1M3                            00000003
CCP1X                             00000005
CCP1Y                             00000004
CCPR1                             00000015
CCPR1H                            00000016
CCPR1L                            00000015
CIS                               00000003
CM0                               00000000
CM1                               00000001
CM2                               00000002
CMCON                             0000001F
CMIE                              00000006
CMIF                              00000006
CREN                              00000004
CSRC                              00000007
DATA_CP_OFF                       00003FFF
DATA_CP_ON                        00003EFF
DC                                00000001
EEADR                             0000009B
EECON1                            0000009C
EECON2                            0000009D
EEDATA                            0000009A
EEIE                              00000007
EEIF                              00000007
F                                 00000001
FERR                              00000002
FSR                               00000004
GIE                               00000007
INDF                              00000000
INTCON                            0000000B
INTE                              00000004
INTEDG                            00000006
INTF                              00000001
IRP                               00000007
NOT_BO                            00000000
NOT_BOD                           00000000
NOT_BOR                           00000000
NOT_PD                            00000003
NOT_POR                           00000001
MPASM  5.51                       ALARMEG.ASM   5-7-2021  19:37:07         PAGE  6


SYMBOL TABLE
  LABEL                             VALUE 

NOT_RBPU                          00000007
NOT_T1SYNC                        00000002
NOT_TO                            00000004
OERR                              00000001
OPTION_REG                        00000081
OSCF                              00000003
PCL                               00000002
PCLATH                            0000000A
PCON                              0000008E
PEIE                              00000006
PIE1                              0000008C
PIR1                              0000000C
PORTA                             00000005
PORTB                             00000006
PR2                               00000092
PS0                               00000000
PS1                               00000001
PS2                               00000002
PSA                               00000003
RA0                               00000000
RA1                               00000001
RA2                               00000002
RA3                               00000003
RA4                               00000004
RA5                               00000005
RA6                               00000006
RA7                               00000007
RB0                               00000000
RB1                               00000001
RB2                               00000002
RB3                               00000003
RB4                               00000004
RB5                               00000005
RB6                               00000006
RB7                               00000007
RBIE                              00000003
RBIF                              00000000
RCIE                              00000005
RCIF                              00000005
RCREG                             0000001A
RCSTA                             00000018
RD                                00000000
RP0                               00000005
RP1                               00000006
RX9                               00000006
RX9D                              00000000
SPBRG                             00000099
SPEN                              00000007
SREN                              00000005
STATUS                            00000003
SYNC                              00000004
T0CS                              00000005
T0IE                              00000005
MPASM  5.51                       ALARMEG.ASM   5-7-2021  19:37:07         PAGE  7


SYMBOL TABLE
  LABEL                             VALUE 

T0IF                              00000002
T0SE                              00000004
T1CKPS0                           00000004
T1CKPS1                           00000005
T1CON                             00000010
T1OSCEN                           00000003
T2CKPS0                           00000000
T2CKPS1                           00000001
T2CON                             00000012
TMR0                              00000001
TMR0IE                            00000005
TMR0IF                            00000002
TMR1                              0000000E
TMR1CS                            00000001
TMR1H                             0000000F
TMR1IE                            00000000
TMR1IF                            00000000
TMR1L                             0000000E
TMR1ON                            00000000
TMR2                              00000011
TMR2IE                            00000001
TMR2IF                            00000001
TMR2ON                            00000002
TOUTPS0                           00000003
TOUTPS1                           00000004
TOUTPS2                           00000005
TOUTPS3                           00000006
TRISA                             00000085
TRISA0                            00000000
TRISA1                            00000001
TRISA2                            00000002
TRISA3                            00000003
TRISA4                            00000004
TRISA5                            00000005
TRISA6                            00000006
TRISA7                            00000007
TRISB                             00000086
TRISB0                            00000000
TRISB1                            00000001
TRISB2                            00000002
TRISB3                            00000003
TRISB4                            00000004
TRISB5                            00000005
TRISB6                            00000006
TRISB7                            00000007
TRMT                              00000001
TX9                               00000006
TX9D                              00000000
TXEN                              00000005
TXIE                              00000004
TXIF                              00000004
TXREG                             00000019
TXSTA                             00000098
MPASM  5.51                       ALARMEG.ASM   5-7-2021  19:37:07         PAGE  8


SYMBOL TABLE
  LABEL                             VALUE 

VR0                               00000000
VR1                               00000001
VR2                               00000002
VR3                               00000003
VRCON                             0000009F
VREN                              00000007
VROE                              00000006
VRR                               00000005
W                                 00000000
WR                                00000001
WREN                              00000002
WRERR                             00000003
Z                                 00000002
_.org_1_000D                      0000000D
_.org_1_000F                      0000000F
_.org_1_0024                      00000024
_.org_1_0027                      00000027
_BODEN_OFF                        00003FBF
_BODEN_ON                         00003FFF
_BOREN_OFF                        00003FBF
_BOREN_ON                         00003FFF
_CONFIG                           00002007
_CPD_OFF                          00003FFF
_CPD_ON                           00003EFF
_CP_50                            00002BFF
_CP_75                            000017FF
_CP_ALL                           000003FF
_CP_OFF                           00003FFF
_DEVID1                           00002006
_ER_OSC_CLKOUT                    00003FFF
_ER_OSC_NOCLKOUT                  00003FFE
_EXTCLK_OSC                       00003FEF
_FOSC_ECIO                        00003FEF
_FOSC_ERCLK                       00003FFF
_FOSC_ERIO                        00003FFE
_FOSC_HS                          00003FEE
_FOSC_INTOSCCLK                   00003FFD
_FOSC_INTOSCIO                    00003FFC
_FOSC_LP                          00003FEC
_FOSC_XT                          00003FED
_HS_OSC                           00003FEE
_IDLOC0                           00002000
_IDLOC1                           00002001
_IDLOC2                           00002002
_IDLOC3                           00002003
_INTRC_OSC_CLKOUT                 00003FFD
_INTRC_OSC_NOCLKOUT               00003FFC
_LP_OSC                           00003FEC
_LVP_OFF                          00003F7F
_LVP_ON                           00003FFF
_MCLRE_OFF                        00003FDF
_MCLRE_ON                         00003FFF
_PWRTE_OFF                        00003FFF
MPASM  5.51                       ALARMEG.ASM   5-7-2021  19:37:07         PAGE  9


SYMBOL TABLE
  LABEL                             VALUE 

_PWRTE_ON                         00003FF7
_WDTE_OFF                         00003FFB
_WDTE_ON                          00003FFF
_WDT_OFF                          00003FFB
_WDT_ON                           00003FFF
_XT_OSC                           00003FED
__16F628                          00000001
__DEBUG                           1
acesso                            00000001
alarme                            00000001
atualiza                          00000000
bank0                             bcf     STATUS,RP0
bank1                             bsf             STATUS,RP0
coluna0                           00000001
coluna1                           00000002
coluna2                           00000003
coluna3                           00000000
digitou                           00000000
entradig                          00000000
estado                            00000021
fluxo                             00000022
inicio                            00000016
isr                               00000005
isrsai                            00000011
linh0                             00000007
linh1                             00000004
linh2                             00000005
linh3                             00000006
mudasnh                           00000002
processa                          00000000
relogio                           00000002
senha0                            0000002C
senha1                            0000002D
senha2                            0000002E
senha3                            0000002F
sensor                            00000002
sentinela                         00000033
sir                               00000004
sira                              00000000
sirene                            00000003
stmp                              00000024
teclado                           00000006
tempo                             00000003
tmphig                            0000002B
tmplow                            00000029
tmpmid                            0000002A
topo                              00000067
verde                             00000000
vermelho                          00000001
vlinha1                           00000025
vlinha2                           00000026
vlinha3                           00000027
vlinha4                           00000028
MPASM  5.51                       ALARMEG.ASM   5-7-2021  19:37:07         PAGE 10


SYMBOL TABLE
  LABEL                             VALUE 

wtmp                              00000023

Errors   :     0
Warnings :     0 reported,     0 suppressed
Messages :     3 reported,     0 suppressed

